  Bezier.cpp
C:\Users\YaeSAKURA\Downloads\计算机图形学\FinalPorject\Bezier\Bezier\Bezier.cpp(25,12): warning C4267: “初始化”: 从“size_t”转换到“int”，可能丢失数据
C:\Users\YaeSAKURA\Downloads\计算机图形学\FinalPorject\Bezier\Bezier\Bezier.cpp(34,38): warning C4244: “参数”: 从“double”转换到“GLfloat”，可能丢失数据
C:\Users\YaeSAKURA\Downloads\计算机图形学\FinalPorject\Bezier\Bezier\Bezier.cpp(34,24): warning C4244: “参数”: 从“double”转换到“GLfloat”，可能丢失数据
C:\Users\YaeSAKURA\Downloads\计算机图形学\FinalPorject\Bezier\Bezier\Bezier.cpp(54,50): warning C4244: “参数”: 从“double”转换到“GLint”，可能丢失数据
C:\Users\YaeSAKURA\Downloads\计算机图形学\FinalPorject\Bezier\Bezier\Bezier.cpp(54,32): warning C4244: “参数”: 从“double”转换到“GLint”，可能丢失数据
C:\Users\YaeSAKURA\Downloads\计算机图形学\FinalPorject\Bezier\Bezier\Bezier.cpp(89,19): warning C4244: “参数”: 从“double”转换到“GLfloat”，可能丢失数据
C:\Users\YaeSAKURA\Downloads\计算机图形学\FinalPorject\Bezier\Bezier\Bezier.cpp(89,16): warning C4244: “参数”: 从“double”转换到“GLfloat”，可能丢失数据
C:\Users\YaeSAKURA\Downloads\计算机图形学\FinalPorject\Bezier\Bezier\Bezier.cpp(89,13): warning C4244: “参数”: 从“double”转换到“GLfloat”，可能丢失数据
C:\Users\YaeSAKURA\Downloads\计算机图形学\FinalPorject\Bezier\Bezier\Bezier.cpp(94,40): warning C4244: “参数”: 从“double”转换到“GLfloat”，可能丢失数据
C:\Users\YaeSAKURA\Downloads\计算机图形学\FinalPorject\Bezier\Bezier\Bezier.cpp(94,26): warning C4244: “参数”: 从“double”转换到“GLfloat”，可能丢失数据
C:\Users\YaeSAKURA\Downloads\计算机图形学\FinalPorject\Bezier\Bezier\Bezier.cpp(103,40): warning C4244: “参数”: 从“double”转换到“GLfloat”，可能丢失数据
C:\Users\YaeSAKURA\Downloads\计算机图形学\FinalPorject\Bezier\Bezier\Bezier.cpp(103,26): warning C4244: “参数”: 从“double”转换到“GLfloat”，可能丢失数据
C:\Users\YaeSAKURA\Downloads\计算机图形学\FinalPorject\Bezier\Bezier\Bezier.cpp(112,21): warning C4267: “return”: 从“size_t”转换到“int”，可能丢失数据
  正在生成代码
  3 of 318 functions ( 0.9%) were compiled, the rest were copied from previous compilation.
    0 functions were new in current compilation
    1 functions had inline decision re-evaluated but remain unchanged
  已完成代码的生成
  Bezier.vcxproj -> C:\Users\YaeSAKURA\Downloads\计算机图形学\FinalPorject\Bezier\x64\Release\Bezier.exe
